<?xml version="1.0" encoding="UTF-8"?>
<!-- Generated by org.testng.reporters.JUnitReportReporter -->
<testsuite skipped="0" hostname="LAPTOP-HANTLPHQ" name="Learning.Mavenjava.SeleniumTest" tests="2" failures="0" timestamp="2022-05-16T21:22:31 IST" time="0.003" errors="0">
  <testcase name="elementsUi" time="0.000" classname="Learning.Mavenjava.SeleniumTest"/>
  <system-out/>
  <testcase name="BrowserAutomation" time="0.003" classname="Learning.Mavenjava.SeleniumTest"/>
  <system-out/>
</testsuite> <!-- Learning.Mavenjava.SeleniumTest -->
