<?xml version="1.0" encoding="UTF-8"?>
<!-- Generated by org.testng.reporters.JUnitReportReporter -->
<testsuite skipped="0" hostname="LAPTOP-HANTLPHQ" name="Learning.Mavenjava.AppiumTest" tests="2" failures="0" timestamp="2022-05-16T21:22:20 IST" time="0.000" errors="0">
  <testcase name="nativeAppAndroid" time="0.000" classname="Learning.Mavenjava.AppiumTest"/>
  <system-out/>
  <testcase name="nativeAppiOS" time="0.000" classname="Learning.Mavenjava.AppiumTest"/>
  <system-out/>
</testsuite> <!-- Learning.Mavenjava.AppiumTest -->
