<?xml version="1.0" encoding="UTF-8"?>
<!-- Generated by org.testng.reporters.JUnitReportReporter -->
<testsuite skipped="0" hostname="LAPTOP-HANTLPHQ" name="Learning.Mavenjava.APITest" tests="2" failures="0" timestamp="2022-05-16T21:22:31 IST" time="0.000" errors="0">
  <testcase name="postJira" time="0.000" classname="Learning.Mavenjava.APITest"/>
  <system-out/>
  <testcase name="deleteTwitter" time="0.000" classname="Learning.Mavenjava.APITest"/>
  <system-out/>
</testsuite> <!-- Learning.Mavenjava.APITest -->
